<?xml version="1.0" encoding="UTF-8"?>
<testsuite name="MainTest" tests="1" skipped="0" failures="0" errors="0" timestamp="2023-02-02T10:20:05" hostname="DESKTOP-HAPLGAQ" time="0.002">
  <properties/>
  <testcase name="differenceTrue" classname="MainTest" time="0.002"/>
  <system-out><![CDATA[]]></system-out>
  <system-err><![CDATA[]]></system-err>
</testsuite>
